#! /c/Source/iverilog-install/bin/vvp
:ivl_version "12.0 (devel)" "(s20150603-1110-g18392a46)";
:ivl_delay_selection "TYPICAL";
:vpi_time_precision + 0;
:vpi_module "C:\iverilog\lib\ivl\system.vpi";
:vpi_module "C:\iverilog\lib\ivl\vhdl_sys.vpi";
:vpi_module "C:\iverilog\lib\ivl\vhdl_textio.vpi";
:vpi_module "C:\iverilog\lib\ivl\v2005_math.vpi";
:vpi_module "C:\iverilog\lib\ivl\va_math.vpi";
S_000001ae126f6af0 .scope module, "less8" "less8" 2 1;
 .timescale 0 0;
    .port_info 0 /INPUT 8 "a";
    .port_info 1 /INPUT 8 "b";
    .port_info 2 /OUTPUT 1 "z";
v000001ae126c2d30_0 .net *"_ivl_0", 0 0, L_000001ae126ad860;  1 drivers
L_000001ae1273bcf8 .functor BUFT 1, C4<1>, C4<0>, C4<0>, C4<0>;
v000001ae126c30c0_0 .net/2u *"_ivl_2", 0 0, L_000001ae1273bcf8;  1 drivers
L_000001ae1273bd40 .functor BUFT 1, C4<0>, C4<0>, C4<0>, C4<0>;
v000001ae126c2910_0 .net/2u *"_ivl_4", 0 0, L_000001ae1273bd40;  1 drivers
o000001ae126f6d18 .functor BUFZ 8, C4<zzzzzzzz>; HiZ drive
v000001ae126ad680_0 .net "a", 7 0, o000001ae126f6d18;  0 drivers
o000001ae126f6d48 .functor BUFZ 8, C4<zzzzzzzz>; HiZ drive
v000001ae126ad720_0 .net "b", 7 0, o000001ae126f6d48;  0 drivers
v000001ae126ad7c0_0 .net "z", 0 0, L_000001ae126ae110;  1 drivers
L_000001ae126ad860 .cmp/gt 8, o000001ae126f6d48, o000001ae126f6d18;
L_000001ae126ae110 .functor MUXZ 1, L_000001ae1273bd40, L_000001ae1273bcf8, L_000001ae126ad860, C4<>;
# The file index is used to find the file name in the following table.
:file_names 3;
    "N/A";
    "<interactive>";
    ".\less_than.sv";
